<?xml version="1.0" encoding="UTF-8"?>
<testng-results ignored="0" total="1" passed="1" failed="0" skipped="0">
  <reporter-output>
  </reporter-output>
  <suite started-at="2019-07-03T15:18:25Z" name="Default suite" finished-at="2019-07-03T15:18:28Z" duration-ms="3834">
    <groups>
    </groups>
    <test started-at="2019-07-03T15:18:25Z" name="Default test" finished-at="2019-07-03T15:18:28Z" duration-ms="3834">
      <class name="tests.LoginTest">
        <test-method signature="testUserIsAbleToLoginIntoApp()[pri:0, instance:tests.LoginTest@1fa121e2]" started-at="2019-07-03T18:18:25Z" name="testUserIsAbleToLoginIntoApp" finished-at="2019-07-03T18:18:28Z" duration-ms="3789" status="PASS">
          <reporter-output>
          </reporter-output>
        </test-method> <!-- testUserIsAbleToLoginIntoApp -->
      </class> <!-- tests.LoginTest -->
    </test> <!-- Default test -->
  </suite> <!-- Default suite -->
</testng-results>
